2025-03-15 22:53:45,576 INFO  org.apache.flink.configuration.GlobalConfiguration           [] - Loading configuration property: blob.server.port, 6124
2025-03-15 22:53:45,577 INFO  org.apache.flink.configuration.GlobalConfiguration           [] - Loading configuration property: taskmanager.memory.process.size, 1728m
2025-03-15 22:53:45,578 INFO  org.apache.flink.configuration.GlobalConfiguration           [] - Loading configuration property: taskmanager.bind-host, 0.0.0.0
2025-03-15 22:53:45,578 INFO  org.apache.flink.configuration.GlobalConfiguration           [] - Loading configuration property: jobmanager.execution.failover-strategy, region
2025-03-15 22:53:45,578 INFO  org.apache.flink.configuration.GlobalConfiguration           [] - Loading configuration property: jobmanager.rpc.address, jobmanager
2025-03-15 22:53:45,578 INFO  org.apache.flink.configuration.GlobalConfiguration           [] - Loading configuration property: jobmanager.memory.process.size, 1600m
2025-03-15 22:53:45,578 INFO  org.apache.flink.configuration.GlobalConfiguration           [] - Loading configuration property: jobmanager.rpc.port, 6123
2025-03-15 22:53:45,578 INFO  org.apache.flink.configuration.GlobalConfiguration           [] - Loading configuration property: query.server.port, 6125
2025-03-15 22:53:45,578 INFO  org.apache.flink.configuration.GlobalConfiguration           [] - Loading configuration property: rest.bind-address, 0.0.0.0
2025-03-15 22:53:45,578 INFO  org.apache.flink.configuration.GlobalConfiguration           [] - Loading configuration property: jobmanager.bind-host, 0.0.0.0
2025-03-15 22:53:45,578 INFO  org.apache.flink.configuration.GlobalConfiguration           [] - Loading configuration property: parallelism.default, 1
2025-03-15 22:53:45,578 INFO  org.apache.flink.configuration.GlobalConfiguration           [] - Loading configuration property: taskmanager.numberOfTaskSlots, 1
2025-03-15 22:53:45,579 INFO  org.apache.flink.configuration.GlobalConfiguration           [] - Loading configuration property: rest.address, 0.0.0.0
2025-03-15 22:53:45,610 INFO  org.apache.flink.client.cli.CliFrontend                      [] - Loading FallbackYarnSessionCli
2025-03-15 22:53:45,634 INFO  org.apache.flink.core.fs.FileSystem                          [] - Hadoop is not in the classpath/dependencies. The extended set of supported File Systems via Hadoop is not available.
2025-03-15 22:53:45,706 INFO  org.apache.flink.table.client.gateway.context.DefaultContext [] - Executor config: {execution.savepoint.ignore-unclaimed-state=false, execution.attached=true, execution.savepoint-restore-mode=NO_CLAIM, execution.shutdown-on-attached-exit=false, pipeline.jars=[file:/opt/flink/opt/flink-sql-client-1.16.0.jar, file:/opt/flink/opt/flink-python-1.16.0.jar], pipeline.classpaths=[], execution.target=remote}
2025-03-15 22:53:47,548 INFO  org.apache.flink.table.client.cli.CliClient                  [] - Command history file path: /opt/flink/.flink-sql-history
2025-03-15 22:53:48,076 WARN  com.ververica.cdc.connectors.mysql.table.MySqlTableSourceFactory [] - server-time-zone is not set, which might cause data inconsistencies for time-related fields.
2025-03-15 22:53:48,083 INFO  com.ververica.cdc.connectors.mysql.utils.OptionUtils         [] - Print mysql-cdc connector configuration:
2025-03-15 22:53:48,084 INFO  com.ververica.cdc.connectors.mysql.utils.OptionUtils         [] - hostname = mysql-cdc
2025-03-15 22:53:48,084 INFO  com.ververica.cdc.connectors.mysql.utils.OptionUtils         [] - password = ******
2025-03-15 22:53:48,084 INFO  com.ververica.cdc.connectors.mysql.utils.OptionUtils         [] - connector = mysql-cdc
2025-03-15 22:53:48,084 INFO  com.ververica.cdc.connectors.mysql.utils.OptionUtils         [] - port = 3306
2025-03-15 22:53:48,084 INFO  com.ververica.cdc.connectors.mysql.utils.OptionUtils         [] - database-name = mydb
2025-03-15 22:53:48,084 INFO  com.ververica.cdc.connectors.mysql.utils.OptionUtils         [] - table-name = orders
2025-03-15 22:53:48,084 INFO  com.ververica.cdc.connectors.mysql.utils.OptionUtils         [] - username = root
2025-03-15 22:53:48,289 WARN  com.ververica.cdc.connectors.mysql.table.MySqlTableSourceFactory [] - server-time-zone is not set, which might cause data inconsistencies for time-related fields.
2025-03-15 22:53:48,290 INFO  com.ververica.cdc.connectors.mysql.utils.OptionUtils         [] - Print mysql-cdc connector configuration:
2025-03-15 22:53:48,290 INFO  com.ververica.cdc.connectors.mysql.utils.OptionUtils         [] - hostname = mysql-cdc
2025-03-15 22:53:48,290 INFO  com.ververica.cdc.connectors.mysql.utils.OptionUtils         [] - password = ******
2025-03-15 22:53:48,290 INFO  com.ververica.cdc.connectors.mysql.utils.OptionUtils         [] - connector = mysql-cdc
2025-03-15 22:53:48,290 INFO  com.ververica.cdc.connectors.mysql.utils.OptionUtils         [] - port = 3306
2025-03-15 22:53:48,290 INFO  com.ververica.cdc.connectors.mysql.utils.OptionUtils         [] - database-name = mydb
2025-03-15 22:53:48,290 INFO  com.ververica.cdc.connectors.mysql.utils.OptionUtils         [] - table-name = products
2025-03-15 22:53:48,290 INFO  com.ververica.cdc.connectors.mysql.utils.OptionUtils         [] - username = root
2025-03-15 22:53:51,417 INFO  org.apache.flink.client.program.rest.RestClusterClient       [] - Submitting job 'insert-into_default_catalog.default_database.elasticsearch_orders' (67817e1b2d7b38a6a88f4acd3c533c8a).
2025-03-15 22:53:53,066 INFO  org.apache.flink.client.program.rest.RestClusterClient       [] - Successfully submitted job 'insert-into_default_catalog.default_database.elasticsearch_orders' (67817e1b2d7b38a6a88f4acd3c533c8a) to 'http://0.0.0.0:8081'.
