2025-03-15 22:50:50,658 INFO  org.apache.flink.runtime.entrypoint.ClusterEntrypoint        [] - --------------------------------------------------------------------------------
2025-03-15 22:50:50,668 INFO  org.apache.flink.runtime.entrypoint.ClusterEntrypoint        [] -  Preconfiguration: 
2025-03-15 22:50:50,669 INFO  org.apache.flink.runtime.entrypoint.ClusterEntrypoint        [] - 


RESOURCE_PARAMS extraction logs:
jvm_params: -Xmx1073741824 -Xms1073741824 -XX:MaxMetaspaceSize=268435456
dynamic_configs: -D jobmanager.memory.off-heap.size=134217728b -D jobmanager.memory.jvm-overhead.min=201326592b -D jobmanager.memory.jvm-metaspace.size=268435456b -D jobmanager.memory.heap.size=1073741824b -D jobmanager.memory.jvm-overhead.max=201326592b
logs: WARNING: sun.reflect.Reflection.getCallerClass is not supported. This will impact performance.
INFO  [] - Loading configuration property: blob.server.port, 6124
INFO  [] - Loading configuration property: taskmanager.memory.process.size, 1728m
INFO  [] - Loading configuration property: taskmanager.bind-host, 0.0.0.0
INFO  [] - Loading configuration property: jobmanager.execution.failover-strategy, region
INFO  [] - Loading configuration property: jobmanager.rpc.address, jobmanager
INFO  [] - Loading configuration property: jobmanager.memory.process.size, 1600m
INFO  [] - Loading configuration property: jobmanager.rpc.port, 6123
INFO  [] - Loading configuration property: query.server.port, 6125
INFO  [] - Loading configuration property: rest.bind-address, 0.0.0.0
INFO  [] - Loading configuration property: jobmanager.bind-host, 0.0.0.0
INFO  [] - Loading configuration property: parallelism.default, 1
INFO  [] - Loading configuration property: taskmanager.numberOfTaskSlots, 1
INFO  [] - Loading configuration property: rest.address, 0.0.0.0
INFO  [] - The derived from fraction jvm overhead memory (160.000mb (167772162 bytes)) is less than its min value 192.000mb (201326592 bytes), min value will be used instead
INFO  [] - Final Master Memory configuration:
INFO  [] -   Total Process Memory: 1.563gb (1677721600 bytes)
INFO  [] -     Total Flink Memory: 1.125gb (1207959552 bytes)
INFO  [] -       JVM Heap:         1024.000mb (1073741824 bytes)
INFO  [] -       Off-heap:         128.000mb (134217728 bytes)
INFO  [] -     JVM Metaspace:      256.000mb (268435456 bytes)
INFO  [] -     JVM Overhead:       192.000mb (201326592 bytes)

2025-03-15 22:50:50,670 INFO  org.apache.flink.runtime.entrypoint.ClusterEntrypoint        [] - --------------------------------------------------------------------------------
2025-03-15 22:50:50,670 INFO  org.apache.flink.runtime.entrypoint.ClusterEntrypoint        [] -  Starting StandaloneSessionClusterEntrypoint (Version: 1.16.0, Scala: 2.12, Rev:af6eff8, Date:2022-10-20T04:21:45+02:00)
2025-03-15 22:50:50,671 INFO  org.apache.flink.runtime.entrypoint.ClusterEntrypoint        [] -  OS current user: flink
2025-03-15 22:50:50,672 INFO  org.apache.flink.runtime.entrypoint.ClusterEntrypoint        [] -  Current Hadoop/Kerberos user: <no hadoop dependency found>
2025-03-15 22:50:50,673 INFO  org.apache.flink.runtime.entrypoint.ClusterEntrypoint        [] -  JVM: OpenJDK 64-Bit Server VM - Eclipse Adoptium - 11/11.0.18+10
2025-03-15 22:50:50,674 INFO  org.apache.flink.runtime.entrypoint.ClusterEntrypoint        [] -  Arch: amd64
2025-03-15 22:50:50,676 INFO  org.apache.flink.runtime.entrypoint.ClusterEntrypoint        [] -  Maximum heap size: 1024 MiBytes
2025-03-15 22:50:50,676 INFO  org.apache.flink.runtime.entrypoint.ClusterEntrypoint        [] -  JAVA_HOME: /opt/java/openjdk
2025-03-15 22:50:50,677 INFO  org.apache.flink.runtime.entrypoint.ClusterEntrypoint        [] -  No Hadoop Dependency available
2025-03-15 22:50:50,677 INFO  org.apache.flink.runtime.entrypoint.ClusterEntrypoint        [] -  JVM Options:
2025-03-15 22:50:50,678 INFO  org.apache.flink.runtime.entrypoint.ClusterEntrypoint        [] -     -Xmx1073741824
2025-03-15 22:50:50,678 INFO  org.apache.flink.runtime.entrypoint.ClusterEntrypoint        [] -     -Xms1073741824
2025-03-15 22:50:50,679 INFO  org.apache.flink.runtime.entrypoint.ClusterEntrypoint        [] -     -XX:MaxMetaspaceSize=268435456
2025-03-15 22:50:50,679 INFO  org.apache.flink.runtime.entrypoint.ClusterEntrypoint        [] -     -Dlog.file=/opt/flink/log/flink--standalonesession-0-37f9abf39990.log
2025-03-15 22:50:50,680 INFO  org.apache.flink.runtime.entrypoint.ClusterEntrypoint        [] -     -Dlog4j.configuration=file:/opt/flink/conf/log4j-console.properties
2025-03-15 22:50:50,680 INFO  org.apache.flink.runtime.entrypoint.ClusterEntrypoint        [] -     -Dlog4j.configurationFile=file:/opt/flink/conf/log4j-console.properties
2025-03-15 22:50:50,681 INFO  org.apache.flink.runtime.entrypoint.ClusterEntrypoint        [] -     -Dlogback.configurationFile=file:/opt/flink/conf/logback-console.xml
2025-03-15 22:50:50,681 INFO  org.apache.flink.runtime.entrypoint.ClusterEntrypoint        [] -  Program Arguments:
2025-03-15 22:50:50,683 INFO  org.apache.flink.runtime.entrypoint.ClusterEntrypoint        [] -     -D
2025-03-15 22:50:50,684 INFO  org.apache.flink.runtime.entrypoint.ClusterEntrypoint        [] -     jobmanager.memory.off-heap.size=134217728b
2025-03-15 22:50:50,684 INFO  org.apache.flink.runtime.entrypoint.ClusterEntrypoint        [] -     -D
2025-03-15 22:50:50,685 INFO  org.apache.flink.runtime.entrypoint.ClusterEntrypoint        [] -     jobmanager.memory.jvm-overhead.min=201326592b
2025-03-15 22:50:50,685 INFO  org.apache.flink.runtime.entrypoint.ClusterEntrypoint        [] -     -D
2025-03-15 22:50:50,686 INFO  org.apache.flink.runtime.entrypoint.ClusterEntrypoint        [] -     jobmanager.memory.jvm-metaspace.size=268435456b
2025-03-15 22:50:50,686 INFO  org.apache.flink.runtime.entrypoint.ClusterEntrypoint        [] -     -D
2025-03-15 22:50:50,687 INFO  org.apache.flink.runtime.entrypoint.ClusterEntrypoint        [] -     jobmanager.memory.heap.size=1073741824b
2025-03-15 22:50:50,687 INFO  org.apache.flink.runtime.entrypoint.ClusterEntrypoint        [] -     -D
2025-03-15 22:50:50,687 INFO  org.apache.flink.runtime.entrypoint.ClusterEntrypoint        [] -     jobmanager.memory.jvm-overhead.max=201326592b
2025-03-15 22:50:50,688 INFO  org.apache.flink.runtime.entrypoint.ClusterEntrypoint        [] -     --configDir
2025-03-15 22:50:50,689 INFO  org.apache.flink.runtime.entrypoint.ClusterEntrypoint        [] -     /opt/flink/conf
2025-03-15 22:50:50,690 INFO  org.apache.flink.runtime.entrypoint.ClusterEntrypoint        [] -     --executionMode
2025-03-15 22:50:50,690 INFO  org.apache.flink.runtime.entrypoint.ClusterEntrypoint        [] -     cluster
2025-03-15 22:50:50,691 INFO  org.apache.flink.runtime.entrypoint.ClusterEntrypoint        [] -  Classpath: /opt/flink/lib/flink-cep-1.16.0.jar:/opt/flink/lib/flink-connector-cassandra_2.12-1.16.0.jar:/opt/flink/lib/flink-connector-files-1.16.0.jar:/opt/flink/lib/flink-csv-1.16.0.jar:/opt/flink/lib/flink-json-1.16.0.jar:/opt/flink/lib/flink-scala_2.12-1.16.0.jar:/opt/flink/lib/flink-shaded-zookeeper-3.5.9.jar:/opt/flink/lib/flink-sql-connector-elasticsearch7-1.16.0.jar:/opt/flink/lib/flink-sql-connector-mysql-cdc-2.4.0.jar:/opt/flink/lib/flink-table-api-java-uber-1.16.0.jar:/opt/flink/lib/flink-table-planner-loader-1.16.0.jar:/opt/flink/lib/flink-table-runtime-1.16.0.jar:/opt/flink/lib/log4j-1.2-api-2.17.1.jar:/opt/flink/lib/log4j-api-2.17.1.jar:/opt/flink/lib/log4j-core-2.17.1.jar:/opt/flink/lib/log4j-slf4j-impl-2.17.1.jar:/opt/flink/lib/flink-dist-1.16.0.jar::::
2025-03-15 22:50:50,693 INFO  org.apache.flink.runtime.entrypoint.ClusterEntrypoint        [] - --------------------------------------------------------------------------------
2025-03-15 22:50:50,698 INFO  org.apache.flink.runtime.entrypoint.ClusterEntrypoint        [] - Registered UNIX signal handlers for [TERM, HUP, INT]
2025-03-15 22:50:50,735 INFO  org.apache.flink.configuration.GlobalConfiguration           [] - Loading configuration property: blob.server.port, 6124
2025-03-15 22:50:50,735 INFO  org.apache.flink.configuration.GlobalConfiguration           [] - Loading configuration property: taskmanager.memory.process.size, 1728m
2025-03-15 22:50:50,735 INFO  org.apache.flink.configuration.GlobalConfiguration           [] - Loading configuration property: taskmanager.bind-host, 0.0.0.0
2025-03-15 22:50:50,735 INFO  org.apache.flink.configuration.GlobalConfiguration           [] - Loading configuration property: jobmanager.execution.failover-strategy, region
2025-03-15 22:50:50,735 INFO  org.apache.flink.configuration.GlobalConfiguration           [] - Loading configuration property: jobmanager.rpc.address, jobmanager
2025-03-15 22:50:50,736 INFO  org.apache.flink.configuration.GlobalConfiguration           [] - Loading configuration property: jobmanager.memory.process.size, 1600m
2025-03-15 22:50:50,736 INFO  org.apache.flink.configuration.GlobalConfiguration           [] - Loading configuration property: jobmanager.rpc.port, 6123
2025-03-15 22:50:50,736 INFO  org.apache.flink.configuration.GlobalConfiguration           [] - Loading configuration property: query.server.port, 6125
2025-03-15 22:50:50,736 INFO  org.apache.flink.configuration.GlobalConfiguration           [] - Loading configuration property: rest.bind-address, 0.0.0.0
2025-03-15 22:50:50,736 INFO  org.apache.flink.configuration.GlobalConfiguration           [] - Loading configuration property: jobmanager.bind-host, 0.0.0.0
2025-03-15 22:50:50,737 INFO  org.apache.flink.configuration.GlobalConfiguration           [] - Loading configuration property: parallelism.default, 1
2025-03-15 22:50:50,737 INFO  org.apache.flink.configuration.GlobalConfiguration           [] - Loading configuration property: taskmanager.numberOfTaskSlots, 1
2025-03-15 22:50:50,737 INFO  org.apache.flink.configuration.GlobalConfiguration           [] - Loading configuration property: rest.address, 0.0.0.0
2025-03-15 22:50:50,737 INFO  org.apache.flink.configuration.GlobalConfiguration           [] - Loading dynamic configuration property: jobmanager.memory.off-heap.size, 134217728b
2025-03-15 22:50:50,737 INFO  org.apache.flink.configuration.GlobalConfiguration           [] - Loading dynamic configuration property: jobmanager.memory.jvm-overhead.min, 201326592b
2025-03-15 22:50:50,737 INFO  org.apache.flink.configuration.GlobalConfiguration           [] - Loading dynamic configuration property: jobmanager.memory.jvm-metaspace.size, 268435456b
2025-03-15 22:50:50,738 INFO  org.apache.flink.configuration.GlobalConfiguration           [] - Loading dynamic configuration property: jobmanager.memory.heap.size, 1073741824b
2025-03-15 22:50:50,738 INFO  org.apache.flink.configuration.GlobalConfiguration           [] - Loading dynamic configuration property: jobmanager.memory.jvm-overhead.max, 201326592b
2025-03-15 22:50:50,796 INFO  org.apache.flink.runtime.entrypoint.ClusterEntrypoint        [] - Starting StandaloneSessionClusterEntrypoint.
2025-03-15 22:50:50,884 INFO  org.apache.flink.runtime.entrypoint.ClusterEntrypoint        [] - Install default filesystem.
2025-03-15 22:50:50,905 INFO  org.apache.flink.core.fs.FileSystem                          [] - Hadoop is not in the classpath/dependencies. The extended set of supported File Systems via Hadoop is not available.
2025-03-15 22:50:51,019 INFO  org.apache.flink.runtime.entrypoint.ClusterEntrypoint        [] - Install security context.
2025-03-15 22:50:51,048 INFO  org.apache.flink.runtime.security.modules.HadoopModuleFactory [] - Cannot create Hadoop Security Module because Hadoop cannot be found in the Classpath.
2025-03-15 22:50:51,061 INFO  org.apache.flink.runtime.security.modules.JaasModule         [] - Jaas file will be created as /tmp/jaas-1902595945472818945.conf.
2025-03-15 22:50:51,080 INFO  org.apache.flink.runtime.security.contexts.HadoopSecurityContextFactory [] - Cannot install HadoopSecurityContext because Hadoop cannot be found in the Classpath.
2025-03-15 22:50:51,086 INFO  org.apache.flink.runtime.entrypoint.ClusterEntrypoint        [] - Initializing cluster services.
2025-03-15 22:50:51,107 INFO  org.apache.flink.runtime.entrypoint.ClusterEntrypoint        [] - Using working directory: WorkingDirectory(/tmp/jm_eac05d6a11530210902087a9d442f3e9).
2025-03-15 22:50:51,645 INFO  org.apache.flink.runtime.rpc.akka.AkkaRpcServiceUtils        [] - Trying to start actor system, external address jobmanager:6123, bind address 0.0.0.0:6123.
2025-03-15 22:50:53,257 INFO  akka.event.slf4j.Slf4jLogger                                 [] - Slf4jLogger started
2025-03-15 22:50:53,332 INFO  akka.remote.RemoteActorRefProvider                           [] - Akka Cluster not in use - enabling unsafe features anyway because `akka.remote.use-unsafe-remote-features-outside-cluster` has been enabled.
2025-03-15 22:50:53,334 INFO  akka.remote.Remoting                                         [] - Starting remoting
2025-03-15 22:50:53,687 INFO  akka.remote.Remoting                                         [] - Remoting started; listening on addresses :[akka.tcp://flink@jobmanager:6123]
2025-03-15 22:50:53,994 INFO  org.apache.flink.runtime.rpc.akka.AkkaRpcServiceUtils        [] - Actor system started at akka.tcp://flink@jobmanager:6123
2025-03-15 22:50:54,192 INFO  org.apache.flink.runtime.blob.BlobServer                     [] - Created BLOB server storage directory /tmp/jm_eac05d6a11530210902087a9d442f3e9/blobStorage
2025-03-15 22:50:54,206 INFO  org.apache.flink.runtime.blob.BlobServer                     [] - Started BLOB server at 0.0.0.0:6124 - max concurrent requests: 50 - max backlog: 1000
2025-03-15 22:50:54,222 INFO  org.apache.flink.runtime.security.token.KerberosDelegationTokenManagerFactory [] - Cannot use kerberos delegation token manager because Hadoop cannot be found in the Classpath.
2025-03-15 22:50:54,256 INFO  org.apache.flink.runtime.metrics.MetricRegistryImpl          [] - No metrics reporter configured, no metrics will be exposed/reported.
2025-03-15 22:50:54,268 INFO  org.apache.flink.runtime.rpc.akka.AkkaRpcServiceUtils        [] - Trying to start actor system, external address jobmanager:0, bind address 0.0.0.0:0.
2025-03-15 22:50:54,320 INFO  akka.event.slf4j.Slf4jLogger                                 [] - Slf4jLogger started
2025-03-15 22:50:54,326 INFO  akka.remote.RemoteActorRefProvider                           [] - Akka Cluster not in use - enabling unsafe features anyway because `akka.remote.use-unsafe-remote-features-outside-cluster` has been enabled.
2025-03-15 22:50:54,327 INFO  akka.remote.Remoting                                         [] - Starting remoting
2025-03-15 22:50:54,354 INFO  akka.remote.Remoting                                         [] - Remoting started; listening on addresses :[akka.tcp://flink-metrics@jobmanager:36063]
2025-03-15 22:50:54,386 INFO  org.apache.flink.runtime.rpc.akka.AkkaRpcServiceUtils        [] - Actor system started at akka.tcp://flink-metrics@jobmanager:36063
2025-03-15 22:50:54,427 INFO  org.apache.flink.runtime.rpc.akka.AkkaRpcService             [] - Starting RPC endpoint for org.apache.flink.runtime.metrics.dump.MetricQueryService at akka://flink-metrics/user/rpc/MetricQueryService .
2025-03-15 22:50:54,477 INFO  org.apache.flink.runtime.dispatcher.FileExecutionGraphInfoStore [] - Initializing FileExecutionGraphInfoStore: Storage directory /tmp/executionGraphStore-4d9a29f8-cc5d-41ae-b845-390cb30c4def, expiration time 3600000, maximum cache size 52428800 bytes.
2025-03-15 22:50:54,662 INFO  org.apache.flink.runtime.dispatcher.DispatcherRestEndpoint   [] - Upload directory /tmp/flink-web-4f77989f-42bb-41f9-8d95-2b7bc25b1e6d/flink-web-upload does not exist. 
2025-03-15 22:50:54,673 INFO  org.apache.flink.runtime.dispatcher.DispatcherRestEndpoint   [] - Created directory /tmp/flink-web-4f77989f-42bb-41f9-8d95-2b7bc25b1e6d/flink-web-upload for file uploads.
2025-03-15 22:50:54,683 INFO  org.apache.flink.runtime.dispatcher.DispatcherRestEndpoint   [] - Starting rest endpoint.
2025-03-15 22:50:55,446 INFO  org.apache.flink.runtime.webmonitor.WebMonitorUtils          [] - Determined location of main cluster component log file: /opt/flink/log/flink--standalonesession-0-37f9abf39990.log
2025-03-15 22:50:55,447 INFO  org.apache.flink.runtime.webmonitor.WebMonitorUtils          [] - Determined location of main cluster component stdout file: /opt/flink/log/flink--standalonesession-0-37f9abf39990.out
2025-03-15 22:50:55,780 INFO  org.apache.flink.runtime.dispatcher.DispatcherRestEndpoint   [] - Rest endpoint listening at 0.0.0.0:8081
2025-03-15 22:50:55,783 INFO  org.apache.flink.runtime.dispatcher.DispatcherRestEndpoint   [] - http://0.0.0.0:8081 was granted leadership with leaderSessionID=00000000-0000-0000-0000-000000000000
2025-03-15 22:50:55,784 INFO  org.apache.flink.runtime.dispatcher.DispatcherRestEndpoint   [] - Web frontend listening at http://0.0.0.0:8081.
2025-03-15 22:50:55,826 INFO  org.apache.flink.runtime.dispatcher.runner.DefaultDispatcherRunner [] - DefaultDispatcherRunner was granted leadership with leader id 00000000-0000-0000-0000-000000000000. Creating new DispatcherLeaderProcess.
2025-03-15 22:50:55,838 INFO  org.apache.flink.runtime.dispatcher.runner.SessionDispatcherLeaderProcess [] - Start SessionDispatcherLeaderProcess.
2025-03-15 22:50:55,844 INFO  org.apache.flink.runtime.resourcemanager.ResourceManagerServiceImpl [] - Starting resource manager service.
2025-03-15 22:50:55,850 INFO  org.apache.flink.runtime.resourcemanager.ResourceManagerServiceImpl [] - Resource manager service is granted leadership with session id 00000000-0000-0000-0000-000000000000.
2025-03-15 22:50:55,860 INFO  org.apache.flink.runtime.dispatcher.runner.SessionDispatcherLeaderProcess [] - Recover all persisted job graphs that are not finished, yet.
2025-03-15 22:50:55,862 INFO  org.apache.flink.runtime.dispatcher.runner.SessionDispatcherLeaderProcess [] - Successfully recovered 0 persisted job graphs.
2025-03-15 22:50:55,909 INFO  org.apache.flink.runtime.rpc.akka.AkkaRpcService             [] - Starting RPC endpoint for org.apache.flink.runtime.resourcemanager.StandaloneResourceManager at akka://flink/user/rpc/resourcemanager_0 .
2025-03-15 22:50:55,914 INFO  org.apache.flink.runtime.rpc.akka.AkkaRpcService             [] - Starting RPC endpoint for org.apache.flink.runtime.dispatcher.StandaloneDispatcher at akka://flink/user/rpc/dispatcher_1 .
2025-03-15 22:50:55,966 INFO  org.apache.flink.runtime.resourcemanager.StandaloneResourceManager [] - Starting the resource manager.
2025-03-15 22:50:57,625 INFO  org.apache.flink.runtime.resourcemanager.StandaloneResourceManager [] - Registering TaskManager with ResourceID 172.29.0.8:41275-62200f (akka.tcp://flink@172.29.0.8:41275/user/rpc/taskmanager_0) at ResourceManager
2025-03-15 22:53:52,958 INFO  org.apache.flink.runtime.dispatcher.StandaloneDispatcher     [] - Received JobGraph submission 'insert-into_default_catalog.default_database.elasticsearch_orders' (67817e1b2d7b38a6a88f4acd3c533c8a).
2025-03-15 22:53:52,960 INFO  org.apache.flink.runtime.dispatcher.StandaloneDispatcher     [] - Submitting job 'insert-into_default_catalog.default_database.elasticsearch_orders' (67817e1b2d7b38a6a88f4acd3c533c8a).
2025-03-15 22:53:53,014 INFO  org.apache.flink.runtime.rpc.akka.AkkaRpcService             [] - Starting RPC endpoint for org.apache.flink.runtime.jobmaster.JobMaster at akka://flink/user/rpc/jobmanager_2 .
2025-03-15 22:53:53,030 INFO  org.apache.flink.runtime.jobmaster.JobMaster                 [] - Initializing job 'insert-into_default_catalog.default_database.elasticsearch_orders' (67817e1b2d7b38a6a88f4acd3c533c8a).
2025-03-15 22:53:53,069 INFO  org.apache.flink.runtime.jobmaster.JobMaster                 [] - Using restart back off time strategy NoRestartBackoffTimeStrategy for insert-into_default_catalog.default_database.elasticsearch_orders (67817e1b2d7b38a6a88f4acd3c533c8a).
2025-03-15 22:53:53,131 INFO  org.apache.flink.runtime.executiongraph.ExecutionGraph       [] - Created execution graph a6bc2afda0de6a2a937d2850089b0afd for job 67817e1b2d7b38a6a88f4acd3c533c8a.
2025-03-15 22:53:53,144 INFO  org.apache.flink.runtime.jobmaster.JobMaster                 [] - Running initialization on master for job insert-into_default_catalog.default_database.elasticsearch_orders (67817e1b2d7b38a6a88f4acd3c533c8a).
2025-03-15 22:53:53,145 INFO  org.apache.flink.runtime.jobmaster.JobMaster                 [] - Successfully ran initialization on master in 1 ms.
2025-03-15 22:53:53,565 INFO  org.apache.flink.runtime.scheduler.adapter.DefaultExecutionTopology [] - Built 1 new pipelined regions in 1 ms, total 1 pipelined regions currently.
2025-03-15 22:53:53,578 INFO  org.apache.flink.runtime.jobmaster.JobMaster                 [] - No state backend has been configured, using default (HashMap) org.apache.flink.runtime.state.hashmap.HashMapStateBackend@1ce0fbaf
2025-03-15 22:53:53,578 INFO  org.apache.flink.runtime.state.StateBackendLoader            [] - State backend loader loads the state backend as HashMapStateBackend
2025-03-15 22:53:53,580 INFO  org.apache.flink.runtime.jobmaster.JobMaster                 [] - Checkpoint storage is set to 'jobmanager'
2025-03-15 22:53:53,623 INFO  org.apache.flink.runtime.checkpoint.CheckpointCoordinator    [] - No checkpoint found during restore.
2025-03-15 22:53:53,630 INFO  org.apache.flink.runtime.jobmaster.JobMaster                 [] - Using failover strategy org.apache.flink.runtime.executiongraph.failover.flip1.RestartPipelinedRegionFailoverStrategy@61996eae for insert-into_default_catalog.default_database.elasticsearch_orders (67817e1b2d7b38a6a88f4acd3c533c8a).
2025-03-15 22:53:53,641 INFO  org.apache.flink.runtime.jobmaster.JobMaster                 [] - Starting execution of job 'insert-into_default_catalog.default_database.elasticsearch_orders' (67817e1b2d7b38a6a88f4acd3c533c8a) under job master id 00000000000000000000000000000000.
2025-03-15 22:53:53,646 INFO  org.apache.flink.runtime.source.coordinator.SourceCoordinator [] - Starting split enumerator for source Source: mysql_orders[1].
2025-03-15 22:53:53,746 INFO  com.ververica.cdc.connectors.mysql.source.connection.JdbcConnectionPools [] - Create and register connection pool root@mysql-cdc:3306
2025-03-15 22:53:53,760 INFO  com.ververica.cdc.connectors.shaded.com.zaxxer.hikari.HikariDataSource [] - connection-pool-mysql-cdc:3306 - Starting...
2025-03-15 22:53:54,187 INFO  com.ververica.cdc.connectors.shaded.com.zaxxer.hikari.HikariDataSource [] - connection-pool-mysql-cdc:3306 - Start completed.
2025-03-15 22:53:54,244 INFO  io.debezium.jdbc.JdbcConnection                              [] - Connection gracefully closed
2025-03-15 22:53:54,245 INFO  com.ververica.cdc.connectors.mysql.MySqlValidator            [] - MySQL validation passed.
2025-03-15 22:53:54,353 INFO  io.debezium.jdbc.JdbcConnection                              [] - Connection gracefully closed
2025-03-15 22:53:54,357 INFO  org.apache.flink.runtime.source.coordinator.SourceCoordinator [] - Starting split enumerator for source Source: mysql_products[3].
2025-03-15 22:53:54,359 INFO  com.ververica.cdc.connectors.mysql.source.utils.TableDiscoveryUtils [] - Read list of available databases
2025-03-15 22:53:54,364 INFO  com.ververica.cdc.connectors.mysql.source.utils.TableDiscoveryUtils [] - 	 list of available databases is: [information_schema, inventory, mydb, mysql, performance_schema, sys]
2025-03-15 22:53:54,364 INFO  com.ververica.cdc.connectors.mysql.source.utils.TableDiscoveryUtils [] - Read list of available tables in each database
2025-03-15 22:53:54,371 INFO  com.ververica.cdc.connectors.mysql.source.utils.TableDiscoveryUtils [] - 	 including 'mydb.orders' for further processing
2025-03-15 22:53:54,372 INFO  com.ververica.cdc.connectors.mysql.source.utils.TableDiscoveryUtils [] - 	 'mydb.products' is filtered out of capturing
2025-03-15 22:53:54,376 INFO  com.ververica.cdc.connectors.mysql.source.utils.TableDiscoveryUtils [] - 	 'mysql.columns_priv' is filtered out of capturing
2025-03-15 22:53:54,376 INFO  com.ververica.cdc.connectors.mysql.source.utils.TableDiscoveryUtils [] - 	 'mysql.db' is filtered out of capturing
2025-03-15 22:53:54,376 INFO  com.ververica.cdc.connectors.mysql.source.utils.TableDiscoveryUtils [] - 	 'mysql.engine_cost' is filtered out of capturing
2025-03-15 22:53:54,376 INFO  com.ververica.cdc.connectors.mysql.source.utils.TableDiscoveryUtils [] - 	 'mysql.event' is filtered out of capturing
2025-03-15 22:53:54,376 INFO  com.ververica.cdc.connectors.mysql.source.utils.TableDiscoveryUtils [] - 	 'mysql.func' is filtered out of capturing
2025-03-15 22:53:54,376 INFO  com.ververica.cdc.connectors.mysql.source.utils.TableDiscoveryUtils [] - 	 'mysql.general_log' is filtered out of capturing
2025-03-15 22:53:54,377 INFO  com.ververica.cdc.connectors.mysql.source.utils.TableDiscoveryUtils [] - 	 'mysql.gtid_executed' is filtered out of capturing
2025-03-15 22:53:54,377 INFO  com.ververica.cdc.connectors.mysql.source.utils.TableDiscoveryUtils [] - 	 'mysql.help_category' is filtered out of capturing
2025-03-15 22:53:54,377 INFO  com.ververica.cdc.connectors.mysql.source.utils.TableDiscoveryUtils [] - 	 'mysql.help_keyword' is filtered out of capturing
2025-03-15 22:53:54,377 INFO  com.ververica.cdc.connectors.mysql.source.utils.TableDiscoveryUtils [] - 	 'mysql.help_relation' is filtered out of capturing
2025-03-15 22:53:54,377 INFO  com.ververica.cdc.connectors.mysql.source.utils.TableDiscoveryUtils [] - 	 'mysql.help_topic' is filtered out of capturing
2025-03-15 22:53:54,377 INFO  com.ververica.cdc.connectors.mysql.source.utils.TableDiscoveryUtils [] - 	 'mysql.innodb_index_stats' is filtered out of capturing
2025-03-15 22:53:54,377 INFO  com.ververica.cdc.connectors.mysql.source.utils.TableDiscoveryUtils [] - 	 'mysql.innodb_table_stats' is filtered out of capturing
2025-03-15 22:53:54,377 INFO  com.ververica.cdc.connectors.mysql.source.utils.TableDiscoveryUtils [] - 	 'mysql.ndb_binlog_index' is filtered out of capturing
2025-03-15 22:53:54,377 INFO  com.ververica.cdc.connectors.mysql.source.utils.TableDiscoveryUtils [] - 	 'mysql.plugin' is filtered out of capturing
2025-03-15 22:53:54,377 INFO  com.ververica.cdc.connectors.mysql.source.utils.TableDiscoveryUtils [] - 	 'mysql.proc' is filtered out of capturing
2025-03-15 22:53:54,378 INFO  com.ververica.cdc.connectors.mysql.source.utils.TableDiscoveryUtils [] - 	 'mysql.procs_priv' is filtered out of capturing
2025-03-15 22:53:54,378 INFO  com.ververica.cdc.connectors.mysql.source.utils.TableDiscoveryUtils [] - 	 'mysql.proxies_priv' is filtered out of capturing
2025-03-15 22:53:54,378 INFO  com.ververica.cdc.connectors.mysql.source.utils.TableDiscoveryUtils [] - 	 'mysql.server_cost' is filtered out of capturing
2025-03-15 22:53:54,378 INFO  com.ververica.cdc.connectors.mysql.source.utils.TableDiscoveryUtils [] - 	 'mysql.servers' is filtered out of capturing
2025-03-15 22:53:54,378 INFO  com.ververica.cdc.connectors.mysql.source.utils.TableDiscoveryUtils [] - 	 'mysql.slave_master_info' is filtered out of capturing
2025-03-15 22:53:54,378 INFO  com.ververica.cdc.connectors.mysql.source.utils.TableDiscoveryUtils [] - 	 'mysql.slave_relay_log_info' is filtered out of capturing
2025-03-15 22:53:54,378 INFO  com.ververica.cdc.connectors.mysql.source.utils.TableDiscoveryUtils [] - 	 'mysql.slave_worker_info' is filtered out of capturing
2025-03-15 22:53:54,378 INFO  com.ververica.cdc.connectors.mysql.source.utils.TableDiscoveryUtils [] - 	 'mysql.slow_log' is filtered out of capturing
2025-03-15 22:53:54,378 INFO  com.ververica.cdc.connectors.mysql.source.utils.TableDiscoveryUtils [] - 	 'mysql.tables_priv' is filtered out of capturing
2025-03-15 22:53:54,378 INFO  com.ververica.cdc.connectors.mysql.source.utils.TableDiscoveryUtils [] - 	 'mysql.time_zone' is filtered out of capturing
2025-03-15 22:53:54,379 INFO  com.ververica.cdc.connectors.mysql.source.utils.TableDiscoveryUtils [] - 	 'mysql.time_zone_leap_second' is filtered out of capturing
2025-03-15 22:53:54,379 INFO  com.ververica.cdc.connectors.mysql.source.utils.TableDiscoveryUtils [] - 	 'mysql.time_zone_name' is filtered out of capturing
2025-03-15 22:53:54,379 INFO  com.ververica.cdc.connectors.mysql.source.utils.TableDiscoveryUtils [] - 	 'mysql.time_zone_transition' is filtered out of capturing
2025-03-15 22:53:54,379 INFO  com.ververica.cdc.connectors.mysql.source.utils.TableDiscoveryUtils [] - 	 'mysql.time_zone_transition_type' is filtered out of capturing
2025-03-15 22:53:54,379 INFO  com.ververica.cdc.connectors.mysql.source.utils.TableDiscoveryUtils [] - 	 'mysql.user' is filtered out of capturing
2025-03-15 22:53:54,386 INFO  com.ververica.cdc.connectors.mysql.source.utils.TableDiscoveryUtils [] - 	 'performance_schema.accounts' is filtered out of capturing
2025-03-15 22:53:54,386 INFO  com.ververica.cdc.connectors.mysql.source.utils.TableDiscoveryUtils [] - 	 'performance_schema.cond_instances' is filtered out of capturing
2025-03-15 22:53:54,386 INFO  com.ververica.cdc.connectors.mysql.source.utils.TableDiscoveryUtils [] - 	 'performance_schema.events_stages_current' is filtered out of capturing
2025-03-15 22:53:54,386 INFO  com.ververica.cdc.connectors.mysql.source.utils.TableDiscoveryUtils [] - 	 'performance_schema.events_stages_history' is filtered out of capturing
2025-03-15 22:53:54,387 INFO  com.ververica.cdc.connectors.mysql.source.utils.TableDiscoveryUtils [] - 	 'performance_schema.events_stages_history_long' is filtered out of capturing
2025-03-15 22:53:54,387 INFO  com.ververica.cdc.connectors.mysql.source.utils.TableDiscoveryUtils [] - 	 'performance_schema.events_stages_summary_by_account_by_event_name' is filtered out of capturing
2025-03-15 22:53:54,387 INFO  com.ververica.cdc.connectors.mysql.source.utils.TableDiscoveryUtils [] - 	 'performance_schema.events_stages_summary_by_host_by_event_name' is filtered out of capturing
2025-03-15 22:53:54,387 INFO  com.ververica.cdc.connectors.mysql.source.utils.TableDiscoveryUtils [] - 	 'performance_schema.events_stages_summary_by_thread_by_event_name' is filtered out of capturing
2025-03-15 22:53:54,387 INFO  com.ververica.cdc.connectors.mysql.source.utils.TableDiscoveryUtils [] - 	 'performance_schema.events_stages_summary_by_user_by_event_name' is filtered out of capturing
2025-03-15 22:53:54,388 INFO  com.ververica.cdc.connectors.mysql.source.utils.TableDiscoveryUtils [] - 	 'performance_schema.events_stages_summary_global_by_event_name' is filtered out of capturing
2025-03-15 22:53:54,388 INFO  com.ververica.cdc.connectors.mysql.source.utils.TableDiscoveryUtils [] - 	 'performance_schema.events_statements_current' is filtered out of capturing
2025-03-15 22:53:54,388 INFO  com.ververica.cdc.connectors.mysql.source.utils.TableDiscoveryUtils [] - 	 'performance_schema.events_statements_history' is filtered out of capturing
2025-03-15 22:53:54,388 INFO  com.ververica.cdc.connectors.mysql.source.utils.TableDiscoveryUtils [] - 	 'performance_schema.events_statements_history_long' is filtered out of capturing
2025-03-15 22:53:54,389 INFO  com.ververica.cdc.connectors.mysql.source.utils.TableDiscoveryUtils [] - 	 'performance_schema.events_statements_summary_by_account_by_event_name' is filtered out of capturing
2025-03-15 22:53:54,389 INFO  com.ververica.cdc.connectors.mysql.source.utils.TableDiscoveryUtils [] - 	 'performance_schema.events_statements_summary_by_digest' is filtered out of capturing
2025-03-15 22:53:54,390 INFO  com.ververica.cdc.connectors.mysql.source.utils.TableDiscoveryUtils [] - 	 'performance_schema.events_statements_summary_by_host_by_event_name' is filtered out of capturing
2025-03-15 22:53:54,390 INFO  com.ververica.cdc.connectors.mysql.source.utils.TableDiscoveryUtils [] - 	 'performance_schema.events_statements_summary_by_program' is filtered out of capturing
2025-03-15 22:53:54,390 INFO  com.ververica.cdc.connectors.mysql.source.utils.TableDiscoveryUtils [] - 	 'performance_schema.events_statements_summary_by_thread_by_event_name' is filtered out of capturing
2025-03-15 22:53:54,391 INFO  com.ververica.cdc.connectors.mysql.source.utils.TableDiscoveryUtils [] - 	 'performance_schema.events_statements_summary_by_user_by_event_name' is filtered out of capturing
2025-03-15 22:53:54,391 INFO  com.ververica.cdc.connectors.mysql.source.utils.TableDiscoveryUtils [] - 	 'performance_schema.events_statements_summary_global_by_event_name' is filtered out of capturing
2025-03-15 22:53:54,391 INFO  com.ververica.cdc.connectors.mysql.source.utils.TableDiscoveryUtils [] - 	 'performance_schema.events_transactions_current' is filtered out of capturing
2025-03-15 22:53:54,391 INFO  com.ververica.cdc.connectors.mysql.source.utils.TableDiscoveryUtils [] - 	 'performance_schema.events_transactions_history' is filtered out of capturing
2025-03-15 22:53:54,391 INFO  com.ververica.cdc.connectors.mysql.source.utils.TableDiscoveryUtils [] - 	 'performance_schema.events_transactions_history_long' is filtered out of capturing
2025-03-15 22:53:54,392 INFO  com.ververica.cdc.connectors.mysql.source.utils.TableDiscoveryUtils [] - 	 'performance_schema.events_transactions_summary_by_account_by_event_name' is filtered out of capturing
2025-03-15 22:53:54,392 INFO  com.ververica.cdc.connectors.mysql.source.utils.TableDiscoveryUtils [] - 	 'performance_schema.events_transactions_summary_by_host_by_event_name' is filtered out of capturing
2025-03-15 22:53:54,392 INFO  com.ververica.cdc.connectors.mysql.source.utils.TableDiscoveryUtils [] - 	 'performance_schema.events_transactions_summary_by_thread_by_event_name' is filtered out of capturing
2025-03-15 22:53:54,392 INFO  com.ververica.cdc.connectors.mysql.source.utils.TableDiscoveryUtils [] - 	 'performance_schema.events_transactions_summary_by_user_by_event_name' is filtered out of capturing
2025-03-15 22:53:54,393 INFO  com.ververica.cdc.connectors.mysql.source.utils.TableDiscoveryUtils [] - 	 'performance_schema.events_transactions_summary_global_by_event_name' is filtered out of capturing
2025-03-15 22:53:54,393 INFO  com.ververica.cdc.connectors.mysql.source.utils.TableDiscoveryUtils [] - 	 'performance_schema.events_waits_current' is filtered out of capturing
2025-03-15 22:53:54,394 INFO  com.ververica.cdc.connectors.mysql.source.utils.TableDiscoveryUtils [] - 	 'performance_schema.events_waits_history' is filtered out of capturing
2025-03-15 22:53:54,394 INFO  com.ververica.cdc.connectors.mysql.source.utils.TableDiscoveryUtils [] - 	 'performance_schema.events_waits_history_long' is filtered out of capturing
2025-03-15 22:53:54,395 INFO  com.ververica.cdc.connectors.mysql.source.utils.TableDiscoveryUtils [] - 	 'performance_schema.events_waits_summary_by_account_by_event_name' is filtered out of capturing
2025-03-15 22:53:54,395 INFO  com.ververica.cdc.connectors.mysql.source.utils.TableDiscoveryUtils [] - 	 'performance_schema.events_waits_summary_by_host_by_event_name' is filtered out of capturing
2025-03-15 22:53:54,395 INFO  com.ververica.cdc.connectors.mysql.source.utils.TableDiscoveryUtils [] - 	 'performance_schema.events_waits_summary_by_instance' is filtered out of capturing
2025-03-15 22:53:54,395 INFO  com.ververica.cdc.connectors.mysql.source.utils.TableDiscoveryUtils [] - 	 'performance_schema.events_waits_summary_by_thread_by_event_name' is filtered out of capturing
2025-03-15 22:53:54,396 INFO  com.ververica.cdc.connectors.mysql.source.utils.TableDiscoveryUtils [] - 	 'performance_schema.events_waits_summary_by_user_by_event_name' is filtered out of capturing
2025-03-15 22:53:54,396 INFO  com.ververica.cdc.connectors.mysql.source.utils.TableDiscoveryUtils [] - 	 'performance_schema.events_waits_summary_global_by_event_name' is filtered out of capturing
2025-03-15 22:53:54,396 INFO  com.ververica.cdc.connectors.mysql.source.utils.TableDiscoveryUtils [] - 	 'performance_schema.file_instances' is filtered out of capturing
2025-03-15 22:53:54,396 INFO  com.ververica.cdc.connectors.mysql.source.utils.TableDiscoveryUtils [] - 	 'performance_schema.file_summary_by_event_name' is filtered out of capturing
2025-03-15 22:53:54,396 INFO  com.ververica.cdc.connectors.mysql.source.utils.TableDiscoveryUtils [] - 	 'performance_schema.file_summary_by_instance' is filtered out of capturing
2025-03-15 22:53:54,396 INFO  com.ververica.cdc.connectors.mysql.source.utils.TableDiscoveryUtils [] - 	 'performance_schema.global_status' is filtered out of capturing
2025-03-15 22:53:54,397 INFO  com.ververica.cdc.connectors.mysql.source.utils.TableDiscoveryUtils [] - 	 'performance_schema.global_variables' is filtered out of capturing
2025-03-15 22:53:54,397 INFO  com.ververica.cdc.connectors.mysql.source.utils.TableDiscoveryUtils [] - 	 'performance_schema.host_cache' is filtered out of capturing
2025-03-15 22:53:54,397 INFO  com.ververica.cdc.connectors.mysql.source.utils.TableDiscoveryUtils [] - 	 'performance_schema.hosts' is filtered out of capturing
2025-03-15 22:53:54,397 INFO  com.ververica.cdc.connectors.mysql.source.utils.TableDiscoveryUtils [] - 	 'performance_schema.memory_summary_by_account_by_event_name' is filtered out of capturing
2025-03-15 22:53:54,397 INFO  com.ververica.cdc.connectors.mysql.source.utils.TableDiscoveryUtils [] - 	 'performance_schema.memory_summary_by_host_by_event_name' is filtered out of capturing
2025-03-15 22:53:54,397 INFO  com.ververica.cdc.connectors.mysql.source.utils.TableDiscoveryUtils [] - 	 'performance_schema.memory_summary_by_thread_by_event_name' is filtered out of capturing
2025-03-15 22:53:54,398 INFO  com.ververica.cdc.connectors.mysql.source.utils.TableDiscoveryUtils [] - 	 'performance_schema.memory_summary_by_user_by_event_name' is filtered out of capturing
2025-03-15 22:53:54,398 INFO  com.ververica.cdc.connectors.mysql.source.utils.TableDiscoveryUtils [] - 	 'performance_schema.memory_summary_global_by_event_name' is filtered out of capturing
2025-03-15 22:53:54,398 INFO  com.ververica.cdc.connectors.mysql.source.utils.TableDiscoveryUtils [] - 	 'performance_schema.metadata_locks' is filtered out of capturing
2025-03-15 22:53:54,399 INFO  com.ververica.cdc.connectors.mysql.source.utils.TableDiscoveryUtils [] - 	 'performance_schema.mutex_instances' is filtered out of capturing
2025-03-15 22:53:54,399 INFO  com.ververica.cdc.connectors.mysql.source.utils.TableDiscoveryUtils [] - 	 'performance_schema.objects_summary_global_by_type' is filtered out of capturing
2025-03-15 22:53:54,399 INFO  com.ververica.cdc.connectors.mysql.source.utils.TableDiscoveryUtils [] - 	 'performance_schema.performance_timers' is filtered out of capturing
2025-03-15 22:53:54,399 INFO  com.ververica.cdc.connectors.mysql.source.utils.TableDiscoveryUtils [] - 	 'performance_schema.prepared_statements_instances' is filtered out of capturing
2025-03-15 22:53:54,399 INFO  com.ververica.cdc.connectors.mysql.source.utils.TableDiscoveryUtils [] - 	 'performance_schema.replication_applier_configuration' is filtered out of capturing
2025-03-15 22:53:54,400 INFO  com.ververica.cdc.connectors.mysql.source.utils.TableDiscoveryUtils [] - 	 'performance_schema.replication_applier_status' is filtered out of capturing
2025-03-15 22:53:54,400 INFO  com.ververica.cdc.connectors.mysql.source.utils.TableDiscoveryUtils [] - 	 'performance_schema.replication_applier_status_by_coordinator' is filtered out of capturing
2025-03-15 22:53:54,400 INFO  com.ververica.cdc.connectors.mysql.source.utils.TableDiscoveryUtils [] - 	 'performance_schema.replication_applier_status_by_worker' is filtered out of capturing
2025-03-15 22:53:54,400 INFO  com.ververica.cdc.connectors.mysql.source.utils.TableDiscoveryUtils [] - 	 'performance_schema.replication_connection_configuration' is filtered out of capturing
2025-03-15 22:53:54,401 INFO  com.ververica.cdc.connectors.mysql.source.utils.TableDiscoveryUtils [] - 	 'performance_schema.replication_connection_status' is filtered out of capturing
2025-03-15 22:53:54,401 INFO  com.ververica.cdc.connectors.mysql.source.utils.TableDiscoveryUtils [] - 	 'performance_schema.replication_group_member_stats' is filtered out of capturing
2025-03-15 22:53:54,401 INFO  com.ververica.cdc.connectors.mysql.source.utils.TableDiscoveryUtils [] - 	 'performance_schema.replication_group_members' is filtered out of capturing
2025-03-15 22:53:54,401 INFO  com.ververica.cdc.connectors.mysql.source.utils.TableDiscoveryUtils [] - 	 'performance_schema.rwlock_instances' is filtered out of capturing
2025-03-15 22:53:54,401 INFO  com.ververica.cdc.connectors.mysql.source.utils.TableDiscoveryUtils [] - 	 'performance_schema.session_account_connect_attrs' is filtered out of capturing
2025-03-15 22:53:54,401 INFO  com.ververica.cdc.connectors.mysql.source.utils.TableDiscoveryUtils [] - 	 'performance_schema.session_connect_attrs' is filtered out of capturing
2025-03-15 22:53:54,402 INFO  com.ververica.cdc.connectors.mysql.source.utils.TableDiscoveryUtils [] - 	 'performance_schema.session_status' is filtered out of capturing
2025-03-15 22:53:54,402 INFO  com.ververica.cdc.connectors.mysql.source.utils.TableDiscoveryUtils [] - 	 'performance_schema.session_variables' is filtered out of capturing
2025-03-15 22:53:54,402 INFO  com.ververica.cdc.connectors.mysql.source.utils.TableDiscoveryUtils [] - 	 'performance_schema.setup_actors' is filtered out of capturing
2025-03-15 22:53:54,402 INFO  com.ververica.cdc.connectors.mysql.source.utils.TableDiscoveryUtils [] - 	 'performance_schema.setup_consumers' is filtered out of capturing
2025-03-15 22:53:54,402 INFO  com.ververica.cdc.connectors.mysql.source.utils.TableDiscoveryUtils [] - 	 'performance_schema.setup_instruments' is filtered out of capturing
2025-03-15 22:53:54,403 INFO  com.ververica.cdc.connectors.mysql.source.utils.TableDiscoveryUtils [] - 	 'performance_schema.setup_objects' is filtered out of capturing
2025-03-15 22:53:54,403 INFO  com.ververica.cdc.connectors.mysql.source.utils.TableDiscoveryUtils [] - 	 'performance_schema.setup_timers' is filtered out of capturing
2025-03-15 22:53:54,403 INFO  com.ververica.cdc.connectors.mysql.source.utils.TableDiscoveryUtils [] - 	 'performance_schema.socket_instances' is filtered out of capturing
2025-03-15 22:53:54,403 INFO  com.ververica.cdc.connectors.mysql.source.utils.TableDiscoveryUtils [] - 	 'performance_schema.socket_summary_by_event_name' is filtered out of capturing
2025-03-15 22:53:54,403 INFO  com.ververica.cdc.connectors.mysql.source.utils.TableDiscoveryUtils [] - 	 'performance_schema.socket_summary_by_instance' is filtered out of capturing
2025-03-15 22:53:54,404 INFO  com.ververica.cdc.connectors.mysql.source.utils.TableDiscoveryUtils [] - 	 'performance_schema.status_by_account' is filtered out of capturing
2025-03-15 22:53:54,404 INFO  com.ververica.cdc.connectors.mysql.source.utils.TableDiscoveryUtils [] - 	 'performance_schema.status_by_host' is filtered out of capturing
2025-03-15 22:53:54,404 INFO  com.ververica.cdc.connectors.mysql.source.utils.TableDiscoveryUtils [] - 	 'performance_schema.status_by_thread' is filtered out of capturing
2025-03-15 22:53:54,404 INFO  com.ververica.cdc.connectors.mysql.source.utils.TableDiscoveryUtils [] - 	 'performance_schema.status_by_user' is filtered out of capturing
2025-03-15 22:53:54,404 INFO  com.ververica.cdc.connectors.mysql.source.utils.TableDiscoveryUtils [] - 	 'performance_schema.table_handles' is filtered out of capturing
2025-03-15 22:53:54,405 INFO  com.ververica.cdc.connectors.mysql.source.utils.TableDiscoveryUtils [] - 	 'performance_schema.table_io_waits_summary_by_index_usage' is filtered out of capturing
2025-03-15 22:53:54,405 INFO  com.ververica.cdc.connectors.mysql.source.utils.TableDiscoveryUtils [] - 	 'performance_schema.table_io_waits_summary_by_table' is filtered out of capturing
2025-03-15 22:53:54,405 INFO  com.ververica.cdc.connectors.mysql.source.utils.TableDiscoveryUtils [] - 	 'performance_schema.table_lock_waits_summary_by_table' is filtered out of capturing
2025-03-15 22:53:54,405 INFO  com.ververica.cdc.connectors.mysql.source.utils.TableDiscoveryUtils [] - 	 'performance_schema.threads' is filtered out of capturing
2025-03-15 22:53:54,406 INFO  com.ververica.cdc.connectors.mysql.source.utils.TableDiscoveryUtils [] - 	 'performance_schema.user_variables_by_thread' is filtered out of capturing
2025-03-15 22:53:54,406 INFO  com.ververica.cdc.connectors.mysql.source.utils.TableDiscoveryUtils [] - 	 'performance_schema.users' is filtered out of capturing
2025-03-15 22:53:54,406 INFO  com.ververica.cdc.connectors.mysql.source.utils.TableDiscoveryUtils [] - 	 'performance_schema.variables_by_thread' is filtered out of capturing
2025-03-15 22:53:54,407 INFO  io.debezium.jdbc.JdbcConnection                              [] - Connection gracefully closed
2025-03-15 22:53:54,408 INFO  com.ververica.cdc.connectors.mysql.MySqlValidator            [] - MySQL validation passed.
2025-03-15 22:53:54,421 INFO  com.ververica.cdc.connectors.mysql.source.utils.TableDiscoveryUtils [] - 	 'sys.sys_config' is filtered out of capturing
2025-03-15 22:53:54,422 INFO  io.debezium.jdbc.JdbcConnection                              [] - Connection gracefully closed
2025-03-15 22:53:54,425 INFO  org.apache.flink.runtime.jobmaster.JobMaster                 [] - Starting scheduling with scheduling strategy [org.apache.flink.runtime.scheduler.strategy.PipelinedRegionSchedulingStrategy]
2025-03-15 22:53:54,425 INFO  org.apache.flink.runtime.executiongraph.ExecutionGraph       [] - Job insert-into_default_catalog.default_database.elasticsearch_orders (67817e1b2d7b38a6a88f4acd3c533c8a) switched from state CREATED to RUNNING.
2025-03-15 22:53:54,430 INFO  org.apache.flink.runtime.executiongraph.ExecutionGraph       [] - Source: mysql_orders[1] (1/1) (a6bc2afda0de6a2a937d2850089b0afd_bc764cd8ddf7a0cff126f51c16239658_0_0) switched from CREATED to SCHEDULED.
2025-03-15 22:53:54,431 INFO  org.apache.flink.runtime.executiongraph.ExecutionGraph       [] - Source: mysql_products[3] (1/1) (a6bc2afda0de6a2a937d2850089b0afd_feca28aff5a3958840bee985ee7de4d3_0_0) switched from CREATED to SCHEDULED.
2025-03-15 22:53:54,431 INFO  org.apache.flink.runtime.executiongraph.ExecutionGraph       [] - Join[5] -> Calc[6] -> ConstraintEnforcer[7] (1/1) (a6bc2afda0de6a2a937d2850089b0afd_4bf7c1955ffe56e2106d666433eaf137_0_0) switched from CREATED to SCHEDULED.
2025-03-15 22:53:54,432 INFO  org.apache.flink.runtime.executiongraph.ExecutionGraph       [] - SinkMaterializer[7] -> Sink: elasticsearch_orders[7] (1/1) (a6bc2afda0de6a2a937d2850089b0afd_c2cd52d0ed10bbeee8315f931b0d8f43_0_0) switched from CREATED to SCHEDULED.
2025-03-15 22:53:54,435 INFO  io.debezium.jdbc.JdbcConnection                              [] - Connection gracefully closed
2025-03-15 22:53:54,435 INFO  com.ververica.cdc.connectors.mysql.source.utils.TableDiscoveryUtils [] - Read list of available databases
2025-03-15 22:53:54,439 INFO  com.ververica.cdc.connectors.mysql.source.utils.TableDiscoveryUtils [] - 	 list of available databases is: [information_schema, inventory, mydb, mysql, performance_schema, sys]
2025-03-15 22:53:54,439 INFO  com.ververica.cdc.connectors.mysql.source.utils.TableDiscoveryUtils [] - Read list of available tables in each database
2025-03-15 22:53:54,439 INFO  com.ververica.cdc.connectors.mysql.source.assigners.MySqlSnapshotSplitAssigner [] - Start splitting table mydb.orders into chunks...
2025-03-15 22:53:54,447 INFO  com.ververica.cdc.connectors.mysql.source.utils.TableDiscoveryUtils [] - 	 'mydb.orders' is filtered out of capturing
2025-03-15 22:53:54,447 INFO  com.ververica.cdc.connectors.mysql.source.utils.TableDiscoveryUtils [] - 	 including 'mydb.products' for further processing
2025-03-15 22:53:54,450 INFO  com.ververica.cdc.connectors.mysql.source.utils.TableDiscoveryUtils [] - 	 'mysql.columns_priv' is filtered out of capturing
2025-03-15 22:53:54,450 INFO  com.ververica.cdc.connectors.mysql.source.utils.TableDiscoveryUtils [] - 	 'mysql.db' is filtered out of capturing
2025-03-15 22:53:54,450 INFO  com.ververica.cdc.connectors.mysql.source.utils.TableDiscoveryUtils [] - 	 'mysql.engine_cost' is filtered out of capturing
2025-03-15 22:53:54,451 INFO  com.ververica.cdc.connectors.mysql.source.utils.TableDiscoveryUtils [] - 	 'mysql.event' is filtered out of capturing
2025-03-15 22:53:54,451 INFO  com.ververica.cdc.connectors.mysql.source.utils.TableDiscoveryUtils [] - 	 'mysql.func' is filtered out of capturing
2025-03-15 22:53:54,451 INFO  com.ververica.cdc.connectors.mysql.source.utils.TableDiscoveryUtils [] - 	 'mysql.general_log' is filtered out of capturing
2025-03-15 22:53:54,451 INFO  com.ververica.cdc.connectors.mysql.source.utils.TableDiscoveryUtils [] - 	 'mysql.gtid_executed' is filtered out of capturing
2025-03-15 22:53:54,451 INFO  com.ververica.cdc.connectors.mysql.source.utils.TableDiscoveryUtils [] - 	 'mysql.help_category' is filtered out of capturing
2025-03-15 22:53:54,451 INFO  com.ververica.cdc.connectors.mysql.source.utils.TableDiscoveryUtils [] - 	 'mysql.help_keyword' is filtered out of capturing
2025-03-15 22:53:54,452 INFO  com.ververica.cdc.connectors.mysql.source.utils.TableDiscoveryUtils [] - 	 'mysql.help_relation' is filtered out of capturing
2025-03-15 22:53:54,452 INFO  com.ververica.cdc.connectors.mysql.source.utils.TableDiscoveryUtils [] - 	 'mysql.help_topic' is filtered out of capturing
2025-03-15 22:53:54,452 INFO  com.ververica.cdc.connectors.mysql.source.utils.TableDiscoveryUtils [] - 	 'mysql.innodb_index_stats' is filtered out of capturing
2025-03-15 22:53:54,452 INFO  com.ververica.cdc.connectors.mysql.source.utils.TableDiscoveryUtils [] - 	 'mysql.innodb_table_stats' is filtered out of capturing
2025-03-15 22:53:54,453 INFO  com.ververica.cdc.connectors.mysql.source.utils.TableDiscoveryUtils [] - 	 'mysql.ndb_binlog_index' is filtered out of capturing
2025-03-15 22:53:54,453 INFO  com.ververica.cdc.connectors.mysql.source.utils.TableDiscoveryUtils [] - 	 'mysql.plugin' is filtered out of capturing
2025-03-15 22:53:54,453 INFO  com.ververica.cdc.connectors.mysql.source.utils.TableDiscoveryUtils [] - 	 'mysql.proc' is filtered out of capturing
2025-03-15 22:53:54,453 INFO  com.ververica.cdc.connectors.mysql.source.utils.TableDiscoveryUtils [] - 	 'mysql.procs_priv' is filtered out of capturing
2025-03-15 22:53:54,453 INFO  com.ververica.cdc.connectors.mysql.source.utils.TableDiscoveryUtils [] - 	 'mysql.proxies_priv' is filtered out of capturing
2025-03-15 22:53:54,454 INFO  com.ververica.cdc.connectors.mysql.source.utils.TableDiscoveryUtils [] - 	 'mysql.server_cost' is filtered out of capturing
2025-03-15 22:53:54,454 INFO  com.ververica.cdc.connectors.mysql.source.utils.TableDiscoveryUtils [] - 	 'mysql.servers' is filtered out of capturing
2025-03-15 22:53:54,454 INFO  com.ververica.cdc.connectors.mysql.source.utils.TableDiscoveryUtils [] - 	 'mysql.slave_master_info' is filtered out of capturing
2025-03-15 22:53:54,454 INFO  com.ververica.cdc.connectors.mysql.source.utils.TableDiscoveryUtils [] - 	 'mysql.slave_relay_log_info' is filtered out of capturing
2025-03-15 22:53:54,454 INFO  com.ververica.cdc.connectors.mysql.source.utils.TableDiscoveryUtils [] - 	 'mysql.slave_worker_info' is filtered out of capturing
2025-03-15 22:53:54,455 INFO  com.ververica.cdc.connectors.mysql.source.utils.TableDiscoveryUtils [] - 	 'mysql.slow_log' is filtered out of capturing
2025-03-15 22:53:54,455 INFO  com.ververica.cdc.connectors.mysql.source.utils.TableDiscoveryUtils [] - 	 'mysql.tables_priv' is filtered out of capturing
2025-03-15 22:53:54,455 INFO  com.ververica.cdc.connectors.mysql.source.utils.TableDiscoveryUtils [] - 	 'mysql.time_zone' is filtered out of capturing
2025-03-15 22:53:54,455 INFO  com.ververica.cdc.connectors.mysql.source.utils.TableDiscoveryUtils [] - 	 'mysql.time_zone_leap_second' is filtered out of capturing
2025-03-15 22:53:54,455 INFO  com.ververica.cdc.connectors.mysql.source.utils.TableDiscoveryUtils [] - 	 'mysql.time_zone_name' is filtered out of capturing
2025-03-15 22:53:54,455 INFO  com.ververica.cdc.connectors.mysql.source.utils.TableDiscoveryUtils [] - 	 'mysql.time_zone_transition' is filtered out of capturing
2025-03-15 22:53:54,456 INFO  com.ververica.cdc.connectors.mysql.source.utils.TableDiscoveryUtils [] - 	 'mysql.time_zone_transition_type' is filtered out of capturing
2025-03-15 22:53:54,456 INFO  com.ververica.cdc.connectors.mysql.source.utils.TableDiscoveryUtils [] - 	 'mysql.user' is filtered out of capturing
2025-03-15 22:53:54,461 INFO  com.ververica.cdc.connectors.mysql.source.utils.TableDiscoveryUtils [] - 	 'performance_schema.accounts' is filtered out of capturing
2025-03-15 22:53:54,461 INFO  org.apache.flink.runtime.jobmaster.JobMaster                 [] - Connecting to ResourceManager akka.tcp://flink@jobmanager:6123/user/rpc/resourcemanager_*(00000000000000000000000000000000)
2025-03-15 22:53:54,462 INFO  com.ververica.cdc.connectors.mysql.source.utils.TableDiscoveryUtils [] - 	 'performance_schema.cond_instances' is filtered out of capturing
2025-03-15 22:53:54,462 INFO  com.ververica.cdc.connectors.mysql.source.utils.TableDiscoveryUtils [] - 	 'performance_schema.events_stages_current' is filtered out of capturing
2025-03-15 22:53:54,462 INFO  com.ververica.cdc.connectors.mysql.source.utils.TableDiscoveryUtils [] - 	 'performance_schema.events_stages_history' is filtered out of capturing
2025-03-15 22:53:54,462 INFO  com.ververica.cdc.connectors.mysql.source.utils.TableDiscoveryUtils [] - 	 'performance_schema.events_stages_history_long' is filtered out of capturing
2025-03-15 22:53:54,463 INFO  com.ververica.cdc.connectors.mysql.source.utils.TableDiscoveryUtils [] - 	 'performance_schema.events_stages_summary_by_account_by_event_name' is filtered out of capturing
2025-03-15 22:53:54,463 INFO  com.ververica.cdc.connectors.mysql.source.utils.TableDiscoveryUtils [] - 	 'performance_schema.events_stages_summary_by_host_by_event_name' is filtered out of capturing
2025-03-15 22:53:54,463 INFO  com.ververica.cdc.connectors.mysql.source.utils.TableDiscoveryUtils [] - 	 'performance_schema.events_stages_summary_by_thread_by_event_name' is filtered out of capturing
2025-03-15 22:53:54,463 INFO  com.ververica.cdc.connectors.mysql.source.utils.TableDiscoveryUtils [] - 	 'performance_schema.events_stages_summary_by_user_by_event_name' is filtered out of capturing
2025-03-15 22:53:54,463 INFO  com.ververica.cdc.connectors.mysql.source.utils.TableDiscoveryUtils [] - 	 'performance_schema.events_stages_summary_global_by_event_name' is filtered out of capturing
2025-03-15 22:53:54,464 INFO  com.ververica.cdc.connectors.mysql.source.utils.TableDiscoveryUtils [] - 	 'performance_schema.events_statements_current' is filtered out of capturing
2025-03-15 22:53:54,464 INFO  com.ververica.cdc.connectors.mysql.source.utils.TableDiscoveryUtils [] - 	 'performance_schema.events_statements_history' is filtered out of capturing
2025-03-15 22:53:54,464 INFO  com.ververica.cdc.connectors.mysql.source.utils.TableDiscoveryUtils [] - 	 'performance_schema.events_statements_history_long' is filtered out of capturing
2025-03-15 22:53:54,464 INFO  com.ververica.cdc.connectors.mysql.source.utils.TableDiscoveryUtils [] - 	 'performance_schema.events_statements_summary_by_account_by_event_name' is filtered out of capturing
2025-03-15 22:53:54,464 INFO  com.ververica.cdc.connectors.mysql.source.utils.TableDiscoveryUtils [] - 	 'performance_schema.events_statements_summary_by_digest' is filtered out of capturing
2025-03-15 22:53:54,465 INFO  com.ververica.cdc.connectors.mysql.source.utils.TableDiscoveryUtils [] - 	 'performance_schema.events_statements_summary_by_host_by_event_name' is filtered out of capturing
2025-03-15 22:53:54,465 INFO  com.ververica.cdc.connectors.mysql.source.utils.TableDiscoveryUtils [] - 	 'performance_schema.events_statements_summary_by_program' is filtered out of capturing
2025-03-15 22:53:54,465 INFO  com.ververica.cdc.connectors.mysql.source.utils.TableDiscoveryUtils [] - 	 'performance_schema.events_statements_summary_by_thread_by_event_name' is filtered out of capturing
2025-03-15 22:53:54,465 INFO  com.ververica.cdc.connectors.mysql.source.utils.TableDiscoveryUtils [] - 	 'performance_schema.events_statements_summary_by_user_by_event_name' is filtered out of capturing
2025-03-15 22:53:54,466 INFO  com.ververica.cdc.connectors.mysql.source.utils.TableDiscoveryUtils [] - 	 'performance_schema.events_statements_summary_global_by_event_name' is filtered out of capturing
2025-03-15 22:53:54,466 INFO  com.ververica.cdc.connectors.mysql.source.utils.TableDiscoveryUtils [] - 	 'performance_schema.events_transactions_current' is filtered out of capturing
2025-03-15 22:53:54,466 INFO  com.ververica.cdc.connectors.mysql.source.utils.TableDiscoveryUtils [] - 	 'performance_schema.events_transactions_history' is filtered out of capturing
2025-03-15 22:53:54,466 INFO  com.ververica.cdc.connectors.mysql.source.utils.TableDiscoveryUtils [] - 	 'performance_schema.events_transactions_history_long' is filtered out of capturing
2025-03-15 22:53:54,467 INFO  com.ververica.cdc.connectors.mysql.source.utils.TableDiscoveryUtils [] - 	 'performance_schema.events_transactions_summary_by_account_by_event_name' is filtered out of capturing
2025-03-15 22:53:54,467 INFO  com.ververica.cdc.connectors.mysql.source.utils.TableDiscoveryUtils [] - 	 'performance_schema.events_transactions_summary_by_host_by_event_name' is filtered out of capturing
2025-03-15 22:53:54,467 INFO  com.ververica.cdc.connectors.mysql.source.utils.TableDiscoveryUtils [] - 	 'performance_schema.events_transactions_summary_by_thread_by_event_name' is filtered out of capturing
2025-03-15 22:53:54,467 INFO  com.ververica.cdc.connectors.mysql.source.utils.TableDiscoveryUtils [] - 	 'performance_schema.events_transactions_summary_by_user_by_event_name' is filtered out of capturing
2025-03-15 22:53:54,468 INFO  org.apache.flink.runtime.jobmaster.JobMaster                 [] - Resolved ResourceManager address, beginning registration
2025-03-15 22:53:54,468 INFO  com.ververica.cdc.connectors.mysql.source.utils.TableDiscoveryUtils [] - 	 'performance_schema.events_transactions_summary_global_by_event_name' is filtered out of capturing
2025-03-15 22:53:54,468 INFO  com.ververica.cdc.connectors.mysql.source.utils.TableDiscoveryUtils [] - 	 'performance_schema.events_waits_current' is filtered out of capturing
2025-03-15 22:53:54,468 INFO  com.ververica.cdc.connectors.mysql.source.utils.TableDiscoveryUtils [] - 	 'performance_schema.events_waits_history' is filtered out of capturing
2025-03-15 22:53:54,468 INFO  com.ververica.cdc.connectors.mysql.source.utils.TableDiscoveryUtils [] - 	 'performance_schema.events_waits_history_long' is filtered out of capturing
2025-03-15 22:53:54,468 INFO  com.ververica.cdc.connectors.mysql.source.utils.TableDiscoveryUtils [] - 	 'performance_schema.events_waits_summary_by_account_by_event_name' is filtered out of capturing
2025-03-15 22:53:54,468 INFO  com.ververica.cdc.connectors.mysql.source.utils.TableDiscoveryUtils [] - 	 'performance_schema.events_waits_summary_by_host_by_event_name' is filtered out of capturing
2025-03-15 22:53:54,469 INFO  com.ververica.cdc.connectors.mysql.source.utils.TableDiscoveryUtils [] - 	 'performance_schema.events_waits_summary_by_instance' is filtered out of capturing
2025-03-15 22:53:54,469 INFO  com.ververica.cdc.connectors.mysql.source.utils.TableDiscoveryUtils [] - 	 'performance_schema.events_waits_summary_by_thread_by_event_name' is filtered out of capturing
2025-03-15 22:53:54,469 INFO  com.ververica.cdc.connectors.mysql.source.utils.TableDiscoveryUtils [] - 	 'performance_schema.events_waits_summary_by_user_by_event_name' is filtered out of capturing
2025-03-15 22:53:54,469 INFO  com.ververica.cdc.connectors.mysql.source.utils.TableDiscoveryUtils [] - 	 'performance_schema.events_waits_summary_global_by_event_name' is filtered out of capturing
2025-03-15 22:53:54,469 INFO  com.ververica.cdc.connectors.mysql.source.utils.TableDiscoveryUtils [] - 	 'performance_schema.file_instances' is filtered out of capturing
2025-03-15 22:53:54,469 INFO  com.ververica.cdc.connectors.mysql.source.utils.TableDiscoveryUtils [] - 	 'performance_schema.file_summary_by_event_name' is filtered out of capturing
2025-03-15 22:53:54,470 INFO  com.ververica.cdc.connectors.mysql.source.utils.TableDiscoveryUtils [] - 	 'performance_schema.file_summary_by_instance' is filtered out of capturing
2025-03-15 22:53:54,470 INFO  com.ververica.cdc.connectors.mysql.source.utils.TableDiscoveryUtils [] - 	 'performance_schema.global_status' is filtered out of capturing
2025-03-15 22:53:54,470 INFO  org.apache.flink.runtime.resourcemanager.StandaloneResourceManager [] - Registering job manager 00000000000000000000000000000000@akka.tcp://flink@jobmanager:6123/user/rpc/jobmanager_2 for job 67817e1b2d7b38a6a88f4acd3c533c8a.
2025-03-15 22:53:54,470 INFO  com.ververica.cdc.connectors.mysql.source.utils.TableDiscoveryUtils [] - 	 'performance_schema.global_variables' is filtered out of capturing
2025-03-15 22:53:54,470 INFO  com.ververica.cdc.connectors.mysql.source.utils.TableDiscoveryUtils [] - 	 'performance_schema.host_cache' is filtered out of capturing
2025-03-15 22:53:54,470 INFO  com.ververica.cdc.connectors.mysql.source.utils.TableDiscoveryUtils [] - 	 'performance_schema.hosts' is filtered out of capturing
2025-03-15 22:53:54,471 INFO  com.ververica.cdc.connectors.mysql.source.utils.TableDiscoveryUtils [] - 	 'performance_schema.memory_summary_by_account_by_event_name' is filtered out of capturing
2025-03-15 22:53:54,471 INFO  com.ververica.cdc.connectors.mysql.source.utils.TableDiscoveryUtils [] - 	 'performance_schema.memory_summary_by_host_by_event_name' is filtered out of capturing
2025-03-15 22:53:54,471 INFO  com.ververica.cdc.connectors.mysql.source.utils.TableDiscoveryUtils [] - 	 'performance_schema.memory_summary_by_thread_by_event_name' is filtered out of capturing
2025-03-15 22:53:54,471 INFO  com.ververica.cdc.connectors.mysql.source.utils.TableDiscoveryUtils [] - 	 'performance_schema.memory_summary_by_user_by_event_name' is filtered out of capturing
2025-03-15 22:53:54,471 INFO  com.ververica.cdc.connectors.mysql.source.utils.TableDiscoveryUtils [] - 	 'performance_schema.memory_summary_global_by_event_name' is filtered out of capturing
2025-03-15 22:53:54,471 INFO  com.ververica.cdc.connectors.mysql.source.utils.TableDiscoveryUtils [] - 	 'performance_schema.metadata_locks' is filtered out of capturing
2025-03-15 22:53:54,472 INFO  com.ververica.cdc.connectors.mysql.source.utils.TableDiscoveryUtils [] - 	 'performance_schema.mutex_instances' is filtered out of capturing
2025-03-15 22:53:54,472 INFO  com.ververica.cdc.connectors.mysql.source.utils.TableDiscoveryUtils [] - 	 'performance_schema.objects_summary_global_by_type' is filtered out of capturing
2025-03-15 22:53:54,472 INFO  com.ververica.cdc.connectors.mysql.source.utils.TableDiscoveryUtils [] - 	 'performance_schema.performance_timers' is filtered out of capturing
2025-03-15 22:53:54,472 INFO  com.ververica.cdc.connectors.mysql.source.utils.TableDiscoveryUtils [] - 	 'performance_schema.prepared_statements_instances' is filtered out of capturing
2025-03-15 22:53:54,472 INFO  com.ververica.cdc.connectors.mysql.source.utils.TableDiscoveryUtils [] - 	 'performance_schema.replication_applier_configuration' is filtered out of capturing
2025-03-15 22:53:54,472 INFO  com.ververica.cdc.connectors.mysql.source.utils.TableDiscoveryUtils [] - 	 'performance_schema.replication_applier_status' is filtered out of capturing
2025-03-15 22:53:54,473 INFO  com.ververica.cdc.connectors.mysql.source.utils.TableDiscoveryUtils [] - 	 'performance_schema.replication_applier_status_by_coordinator' is filtered out of capturing
2025-03-15 22:53:54,473 INFO  com.ververica.cdc.connectors.mysql.source.utils.TableDiscoveryUtils [] - 	 'performance_schema.replication_applier_status_by_worker' is filtered out of capturing
2025-03-15 22:53:54,473 INFO  com.ververica.cdc.connectors.mysql.source.utils.TableDiscoveryUtils [] - 	 'performance_schema.replication_connection_configuration' is filtered out of capturing
2025-03-15 22:53:54,473 INFO  com.ververica.cdc.connectors.mysql.source.utils.TableDiscoveryUtils [] - 	 'performance_schema.replication_connection_status' is filtered out of capturing
2025-03-15 22:53:54,473 INFO  com.ververica.cdc.connectors.mysql.source.utils.TableDiscoveryUtils [] - 	 'performance_schema.replication_group_member_stats' is filtered out of capturing
2025-03-15 22:53:54,473 INFO  com.ververica.cdc.connectors.mysql.source.utils.TableDiscoveryUtils [] - 	 'performance_schema.replication_group_members' is filtered out of capturing
2025-03-15 22:53:54,474 INFO  com.ververica.cdc.connectors.mysql.source.utils.TableDiscoveryUtils [] - 	 'performance_schema.rwlock_instances' is filtered out of capturing
2025-03-15 22:53:54,474 INFO  com.ververica.cdc.connectors.mysql.source.utils.TableDiscoveryUtils [] - 	 'performance_schema.session_account_connect_attrs' is filtered out of capturing
2025-03-15 22:53:54,474 INFO  com.ververica.cdc.connectors.mysql.source.utils.TableDiscoveryUtils [] - 	 'performance_schema.session_connect_attrs' is filtered out of capturing
2025-03-15 22:53:54,474 INFO  com.ververica.cdc.connectors.mysql.source.utils.TableDiscoveryUtils [] - 	 'performance_schema.session_status' is filtered out of capturing
2025-03-15 22:53:54,474 INFO  com.ververica.cdc.connectors.mysql.source.utils.TableDiscoveryUtils [] - 	 'performance_schema.session_variables' is filtered out of capturing
2025-03-15 22:53:54,474 INFO  com.ververica.cdc.connectors.mysql.source.utils.TableDiscoveryUtils [] - 	 'performance_schema.setup_actors' is filtered out of capturing
2025-03-15 22:53:54,474 INFO  com.ververica.cdc.connectors.mysql.source.utils.TableDiscoveryUtils [] - 	 'performance_schema.setup_consumers' is filtered out of capturing
2025-03-15 22:53:54,474 INFO  com.ververica.cdc.connectors.mysql.source.utils.TableDiscoveryUtils [] - 	 'performance_schema.setup_instruments' is filtered out of capturing
2025-03-15 22:53:54,475 INFO  com.ververica.cdc.connectors.mysql.source.utils.TableDiscoveryUtils [] - 	 'performance_schema.setup_objects' is filtered out of capturing
2025-03-15 22:53:54,475 INFO  com.ververica.cdc.connectors.mysql.source.utils.TableDiscoveryUtils [] - 	 'performance_schema.setup_timers' is filtered out of capturing
2025-03-15 22:53:54,475 INFO  com.ververica.cdc.connectors.mysql.source.utils.TableDiscoveryUtils [] - 	 'performance_schema.socket_instances' is filtered out of capturing
2025-03-15 22:53:54,475 INFO  com.ververica.cdc.connectors.mysql.source.utils.TableDiscoveryUtils [] - 	 'performance_schema.socket_summary_by_event_name' is filtered out of capturing
2025-03-15 22:53:54,475 INFO  com.ververica.cdc.connectors.mysql.source.utils.TableDiscoveryUtils [] - 	 'performance_schema.socket_summary_by_instance' is filtered out of capturing
2025-03-15 22:53:54,475 INFO  com.ververica.cdc.connectors.mysql.source.utils.TableDiscoveryUtils [] - 	 'performance_schema.status_by_account' is filtered out of capturing
2025-03-15 22:53:54,476 INFO  com.ververica.cdc.connectors.mysql.source.utils.TableDiscoveryUtils [] - 	 'performance_schema.status_by_host' is filtered out of capturing
2025-03-15 22:53:54,476 INFO  com.ververica.cdc.connectors.mysql.source.utils.TableDiscoveryUtils [] - 	 'performance_schema.status_by_thread' is filtered out of capturing
2025-03-15 22:53:54,476 INFO  com.ververica.cdc.connectors.mysql.source.utils.TableDiscoveryUtils [] - 	 'performance_schema.status_by_user' is filtered out of capturing
2025-03-15 22:53:54,476 INFO  com.ververica.cdc.connectors.mysql.source.utils.TableDiscoveryUtils [] - 	 'performance_schema.table_handles' is filtered out of capturing
2025-03-15 22:53:54,476 INFO  com.ververica.cdc.connectors.mysql.source.utils.TableDiscoveryUtils [] - 	 'performance_schema.table_io_waits_summary_by_index_usage' is filtered out of capturing
2025-03-15 22:53:54,476 INFO  com.ververica.cdc.connectors.mysql.source.utils.TableDiscoveryUtils [] - 	 'performance_schema.table_io_waits_summary_by_table' is filtered out of capturing
2025-03-15 22:53:54,476 INFO  com.ververica.cdc.connectors.mysql.source.utils.TableDiscoveryUtils [] - 	 'performance_schema.table_lock_waits_summary_by_table' is filtered out of capturing
2025-03-15 22:53:54,476 INFO  com.ververica.cdc.connectors.mysql.source.utils.TableDiscoveryUtils [] - 	 'performance_schema.threads' is filtered out of capturing
2025-03-15 22:53:54,476 INFO  com.ververica.cdc.connectors.mysql.source.utils.TableDiscoveryUtils [] - 	 'performance_schema.user_variables_by_thread' is filtered out of capturing
2025-03-15 22:53:54,476 INFO  com.ververica.cdc.connectors.mysql.source.utils.TableDiscoveryUtils [] - 	 'performance_schema.users' is filtered out of capturing
2025-03-15 22:53:54,476 INFO  com.ververica.cdc.connectors.mysql.source.utils.TableDiscoveryUtils [] - 	 'performance_schema.variables_by_thread' is filtered out of capturing
2025-03-15 22:53:54,480 INFO  com.ververica.cdc.connectors.mysql.source.utils.TableDiscoveryUtils [] - 	 'sys.sys_config' is filtered out of capturing
2025-03-15 22:53:54,481 INFO  org.apache.flink.runtime.resourcemanager.StandaloneResourceManager [] - Registered job manager 00000000000000000000000000000000@akka.tcp://flink@jobmanager:6123/user/rpc/jobmanager_2 for job 67817e1b2d7b38a6a88f4acd3c533c8a.
2025-03-15 22:53:54,484 INFO  org.apache.flink.runtime.jobmaster.JobMaster                 [] - JobManager successfully registered at ResourceManager, leader id: 00000000000000000000000000000000.
2025-03-15 22:53:54,490 INFO  io.debezium.jdbc.JdbcConnection                              [] - Connection gracefully closed
2025-03-15 22:53:54,490 INFO  org.apache.flink.runtime.resourcemanager.slotmanager.DeclarativeSlotManager [] - Received resource requirements from job 67817e1b2d7b38a6a88f4acd3c533c8a: [ResourceRequirement{resourceProfile=ResourceProfile{UNKNOWN}, numberOfRequiredSlots=1}]
2025-03-15 22:53:54,492 INFO  com.ververica.cdc.connectors.mysql.source.assigners.MySqlSnapshotSplitAssigner [] - Start splitting table mydb.products into chunks...
2025-03-15 22:53:54,801 INFO  org.apache.flink.runtime.executiongraph.ExecutionGraph       [] - Source: mysql_orders[1] (1/1) (a6bc2afda0de6a2a937d2850089b0afd_bc764cd8ddf7a0cff126f51c16239658_0_0) switched from SCHEDULED to DEPLOYING.
2025-03-15 22:53:54,804 INFO  org.apache.flink.runtime.executiongraph.ExecutionGraph       [] - Deploying Source: mysql_orders[1] (1/1) (attempt #0) with attempt id a6bc2afda0de6a2a937d2850089b0afd_bc764cd8ddf7a0cff126f51c16239658_0_0 and vertex id bc764cd8ddf7a0cff126f51c16239658_0 to 172.29.0.8:41275-62200f @ flink-taskmanager.flink-network (dataPort=37593) with allocation id 57fe8f795a5e9b34eba5c9d9d1d0b52f
2025-03-15 22:53:54,815 INFO  org.apache.flink.runtime.executiongraph.ExecutionGraph       [] - Source: mysql_products[3] (1/1) (a6bc2afda0de6a2a937d2850089b0afd_feca28aff5a3958840bee985ee7de4d3_0_0) switched from SCHEDULED to DEPLOYING.
2025-03-15 22:53:54,816 INFO  org.apache.flink.runtime.executiongraph.ExecutionGraph       [] - Deploying Source: mysql_products[3] (1/1) (attempt #0) with attempt id a6bc2afda0de6a2a937d2850089b0afd_feca28aff5a3958840bee985ee7de4d3_0_0 and vertex id feca28aff5a3958840bee985ee7de4d3_0 to 172.29.0.8:41275-62200f @ flink-taskmanager.flink-network (dataPort=37593) with allocation id 57fe8f795a5e9b34eba5c9d9d1d0b52f
2025-03-15 22:53:54,820 INFO  org.apache.flink.runtime.executiongraph.ExecutionGraph       [] - Join[5] -> Calc[6] -> ConstraintEnforcer[7] (1/1) (a6bc2afda0de6a2a937d2850089b0afd_4bf7c1955ffe56e2106d666433eaf137_0_0) switched from SCHEDULED to DEPLOYING.
2025-03-15 22:53:54,821 INFO  org.apache.flink.runtime.executiongraph.ExecutionGraph       [] - Deploying Join[5] -> Calc[6] -> ConstraintEnforcer[7] (1/1) (attempt #0) with attempt id a6bc2afda0de6a2a937d2850089b0afd_4bf7c1955ffe56e2106d666433eaf137_0_0 and vertex id 4bf7c1955ffe56e2106d666433eaf137_0 to 172.29.0.8:41275-62200f @ flink-taskmanager.flink-network (dataPort=37593) with allocation id 57fe8f795a5e9b34eba5c9d9d1d0b52f
2025-03-15 22:53:54,849 INFO  org.apache.flink.runtime.executiongraph.ExecutionGraph       [] - SinkMaterializer[7] -> Sink: elasticsearch_orders[7] (1/1) (a6bc2afda0de6a2a937d2850089b0afd_c2cd52d0ed10bbeee8315f931b0d8f43_0_0) switched from SCHEDULED to DEPLOYING.
2025-03-15 22:53:54,849 INFO  org.apache.flink.runtime.executiongraph.ExecutionGraph       [] - Deploying SinkMaterializer[7] -> Sink: elasticsearch_orders[7] (1/1) (attempt #0) with attempt id a6bc2afda0de6a2a937d2850089b0afd_c2cd52d0ed10bbeee8315f931b0d8f43_0_0 and vertex id c2cd52d0ed10bbeee8315f931b0d8f43_0 to 172.29.0.8:41275-62200f @ flink-taskmanager.flink-network (dataPort=37593) with allocation id 57fe8f795a5e9b34eba5c9d9d1d0b52f
2025-03-15 22:53:56,011 INFO  org.apache.flink.runtime.executiongraph.ExecutionGraph       [] - SinkMaterializer[7] -> Sink: elasticsearch_orders[7] (1/1) (a6bc2afda0de6a2a937d2850089b0afd_c2cd52d0ed10bbeee8315f931b0d8f43_0_0) switched from DEPLOYING to INITIALIZING.
2025-03-15 22:53:56,102 INFO  org.apache.flink.runtime.executiongraph.ExecutionGraph       [] - Source: mysql_products[3] (1/1) (a6bc2afda0de6a2a937d2850089b0afd_feca28aff5a3958840bee985ee7de4d3_0_0) switched from DEPLOYING to INITIALIZING.
2025-03-15 22:53:56,114 INFO  org.apache.flink.runtime.executiongraph.ExecutionGraph       [] - Source: mysql_orders[1] (1/1) (a6bc2afda0de6a2a937d2850089b0afd_bc764cd8ddf7a0cff126f51c16239658_0_0) switched from DEPLOYING to INITIALIZING.
2025-03-15 22:53:56,119 INFO  org.apache.flink.runtime.executiongraph.ExecutionGraph       [] - Join[5] -> Calc[6] -> ConstraintEnforcer[7] (1/1) (a6bc2afda0de6a2a937d2850089b0afd_4bf7c1955ffe56e2106d666433eaf137_0_0) switched from DEPLOYING to INITIALIZING.
2025-03-15 22:53:56,388 INFO  com.ververica.cdc.connectors.mysql.source.assigners.MySqlChunkSplitter [] - The distribution factor of table mydb.products is 1.0 according to the min split key 101, max split key 109 and approximate row count 9
2025-03-15 22:53:56,391 INFO  com.ververica.cdc.connectors.mysql.source.assigners.MySqlChunkSplitter [] - The distribution factor of table mydb.orders is 1.0 according to the min split key 10001, max split key 10003 and approximate row count 3
2025-03-15 22:53:56,391 INFO  com.ververica.cdc.connectors.mysql.source.assigners.MySqlChunkSplitter [] - The actual distribution factor for table mydb.orders is 1.0, the lower bound of evenly distribution factor is 0.05, the upper bound of evenly distribution factor is 1000.0
2025-03-15 22:53:56,391 INFO  com.ververica.cdc.connectors.mysql.source.assigners.MySqlChunkSplitter [] - The actual distribution factor for table mydb.products is 1.0, the lower bound of evenly distribution factor is 0.05, the upper bound of evenly distribution factor is 1000.0
2025-03-15 22:53:56,392 INFO  com.ververica.cdc.connectors.mysql.source.assigners.MySqlChunkSplitter [] - Use evenly-sized chunk optimization for table mydb.products, the approximate row count is 9, the chunk size is 8096, the dynamic chunk size is 8096
2025-03-15 22:53:56,394 INFO  com.ververica.cdc.connectors.mysql.source.assigners.MySqlChunkSplitter [] - Use evenly-sized chunk optimization for table mydb.orders, the approximate row count is 3, the chunk size is 8096, the dynamic chunk size is 8096
2025-03-15 22:53:56,396 INFO  com.ververica.cdc.connectors.mysql.source.assigners.MySqlSnapshotSplitAssigner [] - Split table mydb.products into 1 chunks, time cost: 1903ms.
2025-03-15 22:53:56,397 INFO  com.ververica.cdc.connectors.mysql.source.assigners.MySqlSnapshotSplitAssigner [] - Split table mydb.orders into 1 chunks, time cost: 1957ms.
2025-03-15 22:53:57,719 INFO  org.apache.flink.runtime.executiongraph.ExecutionGraph       [] - Join[5] -> Calc[6] -> ConstraintEnforcer[7] (1/1) (a6bc2afda0de6a2a937d2850089b0afd_4bf7c1955ffe56e2106d666433eaf137_0_0) switched from INITIALIZING to RUNNING.
2025-03-15 22:53:57,854 INFO  org.apache.flink.runtime.source.coordinator.SourceCoordinator [] - Source Source: mysql_orders[1] registering reader for parallel task 0 (#0) @ 172.29.0.8
2025-03-15 22:53:57,858 INFO  org.apache.flink.runtime.source.coordinator.SourceCoordinator [] - Source Source: mysql_products[3] registering reader for parallel task 0 (#0) @ 172.29.0.8
2025-03-15 22:53:57,873 INFO  org.apache.flink.runtime.source.coordinator.SourceCoordinator [] - Source Source: mysql_products[3] received split request from parallel task 0 (#0)
2025-03-15 22:53:57,875 INFO  org.apache.flink.runtime.executiongraph.ExecutionGraph       [] - Source: mysql_products[3] (1/1) (a6bc2afda0de6a2a937d2850089b0afd_feca28aff5a3958840bee985ee7de4d3_0_0) switched from INITIALIZING to RUNNING.
2025-03-15 22:53:57,879 INFO  org.apache.flink.runtime.executiongraph.ExecutionGraph       [] - Source: mysql_orders[1] (1/1) (a6bc2afda0de6a2a937d2850089b0afd_bc764cd8ddf7a0cff126f51c16239658_0_0) switched from INITIALIZING to RUNNING.
2025-03-15 22:53:57,881 INFO  org.apache.flink.runtime.source.coordinator.SourceCoordinator [] - Source Source: mysql_orders[1] received split request from parallel task 0 (#0)
2025-03-15 22:53:57,981 INFO  com.ververica.cdc.connectors.mysql.source.enumerator.MySqlSourceEnumerator [] - The enumerator assigns split MySqlSnapshotSplit{tableId=mydb.orders, splitId='mydb.orders:0', splitKeyType=[`order_id` INT NOT NULL], splitStart=null, splitEnd=null, highWatermark=null} to subtask 0
2025-03-15 22:53:57,981 INFO  com.ververica.cdc.connectors.mysql.source.enumerator.MySqlSourceEnumerator [] - The enumerator assigns split MySqlSnapshotSplit{tableId=mydb.products, splitId='mydb.products:0', splitKeyType=[`id` INT NOT NULL], splitStart=null, splitEnd=null, highWatermark=null} to subtask 0
2025-03-15 22:53:59,321 INFO  org.apache.flink.runtime.executiongraph.ExecutionGraph       [] - SinkMaterializer[7] -> Sink: elasticsearch_orders[7] (1/1) (a6bc2afda0de6a2a937d2850089b0afd_c2cd52d0ed10bbeee8315f931b0d8f43_0_0) switched from INITIALIZING to RUNNING.
2025-03-15 22:53:59,707 INFO  com.ververica.cdc.connectors.mysql.source.enumerator.MySqlSourceEnumerator [] - The enumerator under INITIAL_ASSIGNING receives finished split offsets FinishedSnapshotSplitsReportEvent{finishedOffsets={mydb.products:0={ts_sec=0, file=mysql-bin.000003, pos=2216, kind=SPECIFIC, gtids=, row=0, event=0}}} from subtask 0.
2025-03-15 22:53:59,708 INFO  com.ververica.cdc.connectors.mysql.source.assigners.AssignerStatus [] - Assigner status changes from INITIAL_ASSIGNING to INITIAL_ASSIGNING_FINISHED
2025-03-15 22:53:59,708 INFO  com.ververica.cdc.connectors.mysql.source.enumerator.MySqlSourceEnumerator [] - The enumerator under INITIAL_ASSIGNING receives finished split offsets FinishedSnapshotSplitsReportEvent{finishedOffsets={mydb.orders:0={ts_sec=0, file=mysql-bin.000003, pos=2216, kind=SPECIFIC, gtids=, row=0, event=0}}} from subtask 0.
2025-03-15 22:53:59,708 INFO  com.ververica.cdc.connectors.mysql.source.assigners.MySqlSnapshotSplitAssigner [] - Snapshot split assigner received all splits finished and the job parallelism is 1, snapshot split assigner is turn into finished status.
2025-03-15 22:53:59,708 INFO  com.ververica.cdc.connectors.mysql.source.assigners.AssignerStatus [] - Assigner status changes from INITIAL_ASSIGNING to INITIAL_ASSIGNING_FINISHED
2025-03-15 22:53:59,710 INFO  com.ververica.cdc.connectors.mysql.source.assigners.MySqlSnapshotSplitAssigner [] - Snapshot split assigner received all splits finished and the job parallelism is 1, snapshot split assigner is turn into finished status.
2025-03-15 22:53:59,712 INFO  org.apache.flink.runtime.source.coordinator.SourceCoordinator [] - Source Source: mysql_products[3] received split request from parallel task 0 (#0)
2025-03-15 22:53:59,714 INFO  org.apache.flink.runtime.source.coordinator.SourceCoordinator [] - Source Source: mysql_orders[1] received split request from parallel task 0 (#0)
2025-03-15 22:53:59,731 INFO  com.ververica.cdc.connectors.mysql.source.enumerator.MySqlSourceEnumerator [] - The enumerator assigns split MySqlBinlogSplit{splitId='binlog-split', offset={ts_sec=0, file=mysql-bin.000003, pos=2216, kind=SPECIFIC, gtids=, row=0, event=0}, endOffset={ts_sec=0, file=, pos=-9223372036854775808, kind=NON_STOPPING, row=0, event=0}, isSuspended=false} to subtask 0
2025-03-15 22:53:59,732 INFO  com.ververica.cdc.connectors.mysql.source.enumerator.MySqlSourceEnumerator [] - The enumerator assigns split MySqlBinlogSplit{splitId='binlog-split', offset={ts_sec=0, file=mysql-bin.000003, pos=2216, kind=SPECIFIC, gtids=, row=0, event=0}, endOffset={ts_sec=0, file=, pos=-9223372036854775808, kind=NON_STOPPING, row=0, event=0}, isSuspended=false} to subtask 0
